Using pre-set license
Built from '2021.3/staging' branch; Version is '2021.3.10f1 (1c7d0df0160b) revision 1867021'; Using compiler version '192829333'; Build Type 'Release'
OS: 'Windows 11  (10.0.22621) 64bit Core' Language: 'en' Physical Memory: 32451 MB
BatchMode: 1, IsHumanControllingUs: 0, StartBugReporterOnCrash: 0, Is64bit: 1, IsPro: 1

COMMAND LINE ARGUMENTS:
C:\Program Files\Unity\Hub\Editor\2021.3.10f1\Editor\Unity.exe
-adb2
-batchMode
-noUpm
-name
AssetImportWorker1
-projectPath
F:/GameDevelopment/Unity Projects/Shinobi Ascend/Ultra Ninja Climb
-logFile
Logs/AssetImportWorker1.log
-srvPort
58763
Successfully changed project path to: F:/GameDevelopment/Unity Projects/Shinobi Ascend/Ultra Ninja Climb
F:/GameDevelopment/Unity Projects/Shinobi Ascend/Ultra Ninja Climb
[UnityMemory] Configuration Parameters - Can be set up in boot.config
    "memorysetup-bucket-allocator-granularity=16"
    "memorysetup-bucket-allocator-bucket-count=8"
    "memorysetup-bucket-allocator-block-size=33554432"
    "memorysetup-bucket-allocator-block-count=8"
    "memorysetup-main-allocator-block-size=16777216"
    "memorysetup-thread-allocator-block-size=16777216"
    "memorysetup-gfx-main-allocator-block-size=16777216"
    "memorysetup-gfx-thread-allocator-block-size=16777216"
    "memorysetup-cache-allocator-block-size=4194304"
    "memorysetup-typetree-allocator-block-size=2097152"
    "memorysetup-profiler-bucket-allocator-granularity=16"
    "memorysetup-profiler-bucket-allocator-bucket-count=8"
    "memorysetup-profiler-bucket-allocator-block-size=33554432"
    "memorysetup-profiler-bucket-allocator-block-count=8"
    "memorysetup-profiler-allocator-block-size=16777216"
    "memorysetup-profiler-editor-allocator-block-size=1048576"
    "memorysetup-temp-allocator-size-main=16777216"
    "memorysetup-job-temp-allocator-block-size=2097152"
    "memorysetup-job-temp-allocator-block-size-background=1048576"
    "memorysetup-job-temp-allocator-reduction-small-platforms=262144"
    "memorysetup-temp-allocator-size-background-worker=32768"
    "memorysetup-temp-allocator-size-job-worker=262144"
    "memorysetup-temp-allocator-size-preload-manager=33554432"
    "memorysetup-temp-allocator-size-nav-mesh-worker=65536"
    "memorysetup-temp-allocator-size-audio-worker=65536"
    "memorysetup-temp-allocator-size-cloud-worker=32768"
    "memorysetup-temp-allocator-size-gi-baking-worker=262144"
    "memorysetup-temp-allocator-size-gfx=262144"
Refreshing native plugins compatible for Editor in 59.49 ms, found 2 plugins.
Preloading 0 native plugins for Editor in 0.00 ms.
Initialize engine version: 2021.3.10f1 (1c7d0df0160b)
[Subsystems] Discovering subsystems at path C:/Program Files/Unity/Hub/Editor/2021.3.10f1/Editor/Data/Resources/UnitySubsystems
[Subsystems] Discovering subsystems at path F:/GameDevelopment/Unity Projects/Shinobi Ascend/Ultra Ninja Climb/Assets
GfxDevice: creating device client; threaded=0; jobified=0
Direct3D:
    Version:  Direct3D 11.0 [level 11.1]
    Renderer: NVIDIA GeForce RTX 3070 Ti Laptop GPU (ID=0x24a0)
    Vendor:   NVIDIA
    VRAM:     8032 MB
    Driver:   31.0.15.3168
Initialize mono
Mono path[0] = 'C:/Program Files/Unity/Hub/Editor/2021.3.10f1/Editor/Data/Managed'
Mono path[1] = 'C:/Program Files/Unity/Hub/Editor/2021.3.10f1/Editor/Data/MonoBleedingEdge/lib/mono/unityjit-win32'
Mono config path = 'C:/Program Files/Unity/Hub/Editor/2021.3.10f1/Editor/Data/MonoBleedingEdge/etc'
Using monoOptions --debugger-agent=transport=dt_socket,embedding=1,server=y,suspend=n,address=127.0.0.1:56308
Begin MonoManager ReloadAssembly
Registering precompiled unity dll's ...
Register platform support module: C:/Program Files/Unity/Hub/Editor/2021.3.10f1/Editor/Data/PlaybackEngines/AndroidPlayer/UnityEditor.Android.Extensions.dll
Register platform support module: C:/Program Files/Unity/Hub/Editor/2021.3.10f1/Editor/Data/PlaybackEngines/iOSSupport/UnityEditor.iOS.Extensions.dll
Register platform support module: C:/Program Files/Unity/Hub/Editor/2021.3.10f1/Editor/Data/PlaybackEngines/WindowsStandaloneSupport/UnityEditor.WindowsStandalone.Extensions.dll
Registered in 0.004076 seconds.
Native extension for WindowsStandalone target not found
[usbmuxd] Start listen thread
[usbmuxd] Listen thread started
[usbmuxd] Send listen message
Native extension for iOS target not found
Native extension for Android target not found
Refreshing native plugins compatible for Editor in 62.52 ms, found 2 plugins.
Preloading 0 native plugins for Editor in 0.00 ms.
Mono: successfully reloaded assembly
- Completed reload, in  0.598 seconds
Domain Reload Profiling:
	ReloadAssembly (598ms)
		BeginReloadAssembly (52ms)
			ExecutionOrderSort (0ms)
			DisableScriptedObjects (0ms)
			BackupInstance (0ms)
			ReleaseScriptingObjects (0ms)
			CreateAndSetChildDomain (1ms)
		EndReloadAssembly (469ms)
			LoadAssemblies (51ms)
			RebuildTransferFunctionScriptingTraits (0ms)
			SetupTypeCache (83ms)
			ReleaseScriptCaches (0ms)
			RebuildScriptCaches (25ms)
			SetupLoadedEditorAssemblies (309ms)
				LogAssemblyErrors (0ms)
				InitializePlatformSupportModulesInManaged (100ms)
				SetLoadedEditorAssemblies (0ms)
				RefreshPlugins (63ms)
				BeforeProcessingInitializeOnLoad (1ms)
				ProcessInitializeOnLoadAttributes (98ms)
				ProcessInitializeOnLoadMethodAttributes (46ms)
				AfterProcessingInitializeOnLoad (0ms)
				EditorAssembliesLoaded (0ms)
			ExecutionOrderSort2 (0ms)
			AwakeInstancesAfterBackupRestoration (0ms)
Platform modules already initialized, skipping
Registering precompiled user dll's ...
Registered in 0.005291 seconds.
Required property 'name' not set (Assets/GoogleMobileAds/GoogleMobileAds.asmdef)
Required property 'name' not set (Assets/GoogleMobileAds/Editor/GoogleMobileAds.Editor.asmdef)
Required property 'name' not set (Assets/GoogleMobileAds/GoogleMobileAds.asmdef)
Required property 'name' not set (Assets/GoogleMobileAds/Editor/GoogleMobileAds.Editor.asmdef)
Begin MonoManager ReloadAssembly
Could not load signature of AdsManagement:HandleOnAdFailedToLoad due to: Could not load file or assembly 'GoogleMobileAds, Version=0.0.0.0, Culture=neutral, PublicKeyToken=null' or one of its dependencies.
Native extension for WindowsStandalone target not found
Native extension for iOS target not found
Native extension for Android target not found
Refreshing native plugins compatible for Editor in 52.49 ms, found 2 plugins.
Preloading 0 native plugins for Editor in 0.00 ms.
Required property 'name' not set (Assets/GoogleMobileAds/GoogleMobileAds.asmdef)
Required property 'name' not set (Assets/GoogleMobileAds/Editor/GoogleMobileAds.Editor.asmdef)
System.Reflection.AmbiguousMatchException: Ambiguous match found.
  at System.RuntimeType.GetMethodImplCommon (System.String name, System.Int32 genericParameterCount, System.Reflection.BindingFlags bindingAttr, System.Reflection.Binder binder, System.Reflection.CallingConventions callConv, System.Type[] types, System.Reflection.ParameterModifier[] modifiers) [0x00050] in <9aad1b3a47484d63ba2b3985692d80e9>:0 
  at System.RuntimeType.GetMethodImpl (System.String name, System.Reflection.BindingFlags bindingAttr, System.Reflection.Binder binder, System.Reflection.CallingConventions callConv, System.Type[] types, System.Reflection.ParameterModifier[] modifiers) [0x00000] in <9aad1b3a47484d63ba2b3985692d80e9>:0 
  at System.Type.GetMethod (System.String name, System.Reflection.BindingFlags bindingAttr) [0x0000e] in <9aad1b3a47484d63ba2b3985692d80e9>:0 
  at System.Type.GetMethod (System.String name) [0x00000] in <9aad1b3a47484d63ba2b3985692d80e9>:0 
  at GooglePlayServices.UnityCompat.GetUnity56AndAboveApplicationIdentifier (UnityEditor.BuildTarget buildTarget) [0x00000] in /Users/chkuang/Workspace/Git/unity-jar-resolver/source/AndroidResolver/src/UnityCompat.cs:437 
  at GooglePlayServices.UnityCompat.GetApplicationId (UnityEditor.BuildTarget buildTarget) [0x00000] in /Users/chkuang/Workspace/Git/unity-jar-resolver/source/AndroidResolver/src/UnityCompat.cs:491 
  at GooglePlayServices.PlayServicesResolver.GetAndroidApplicationId () [0x00000] in /Users/chkuang/Workspace/Git/unity-jar-resolver/source/AndroidResolver/src/PlayServicesResolver.cs:978 
  at GooglePlayServices.PlayServicesResolver.OnSettingsChanged () [0x00023] in /Users/chkuang/Workspace/Git/unity-jar-resolver/source/AndroidResolver/src/PlayServicesResolver.cs:2343 
  at GooglePlayServices.PlayServicesResolver..cctor () [0x00288] in /Users/chkuang/Workspace/Git/unity-jar-resolver/source/AndroidResolver/src/PlayServicesResolver.cs:920 
UnityEngine.StackTraceUtility:ExtractStackTrace ()
UnityEngine.DebugLogHandler:LogFormat (UnityEngine.LogType,UnityEngine.Object,string,object[])
UnityEngine.Logger:Log (UnityEngine.LogType,object)
UnityEngine.Debug:LogError (object)
UnityEditor.EditorAssemblies:ProcessInitializeOnLoadAttributes (System.Type[])

Mono: successfully reloaded assembly
- Completed reload, in  1.335 seconds
Domain Reload Profiling:
	ReloadAssembly (1336ms)
		BeginReloadAssembly (198ms)
			ExecutionOrderSort (0ms)
			DisableScriptedObjects (7ms)
			BackupInstance (0ms)
			ReleaseScriptingObjects (0ms)
			CreateAndSetChildDomain (123ms)
		EndReloadAssembly (1051ms)
			LoadAssemblies (67ms)
			RebuildTransferFunctionScriptingTraits (0ms)
			SetupTypeCache (184ms)
			ReleaseScriptCaches (1ms)
			RebuildScriptCaches (65ms)
			SetupLoadedEditorAssemblies (700ms)
				LogAssemblyErrors (0ms)
				InitializePlatformSupportModulesInManaged (17ms)
				SetLoadedEditorAssemblies (0ms)
				RefreshPlugins (53ms)
				BeforeProcessingInitializeOnLoad (66ms)
				ProcessInitializeOnLoadAttributes (500ms)
				ProcessInitializeOnLoadMethodAttributes (60ms)
				AfterProcessingInitializeOnLoad (4ms)
				EditorAssembliesLoaded (0ms)
			ExecutionOrderSort2 (0ms)
			AwakeInstancesAfterBackupRestoration (4ms)
Platform modules already initialized, skipping
========================================================================
Worker process is ready to serve import requests
Launched and connected shader compiler UnityShaderCompiler.exe after 0.04 seconds
Refreshing native plugins compatible for Editor in 0.77 ms, found 2 plugins.
Preloading 0 native plugins for Editor in 0.00 ms.
Unloading 4358 Unused Serialized files (Serialized files now loaded: 0)
Unloading 94 unused Assets / (0.7 MB). Loaded Objects now: 4776.
Memory consumption went from 249.0 MB to 248.4 MB.
Total: 3.619000 ms (FindLiveObjects: 0.307400 ms CreateObjectMapping: 0.180800 ms MarkObjects: 2.911900 ms  DeleteObjects: 0.217900 ms)

AssetImportParameters requested are different than current active one (requested -> active):
  custom:video-decoder-ogg-theora: a1e56fd34408186e4bbccfd4996cb3dc -> 
  custom:container-muxer-webm: aa71ff27fc2769a1b78a27578f13a17b -> 
  custom:container-demuxer-webm: 4f35f7cbe854078d1ac9338744f61a02 -> 
  custom:video-encoder-webm-vp8: eb34c28f22e8b96e1ab97ce403110664 -> 
  custom:audio-encoder-webm-vorbis: bf7c407c2cedff20999df2af8eb42d56 -> 
  custom:framework-win-MediaFoundation: 216162199b28c13a410421893ffa2e32 -> 
  custom:container-demuxer-ogg: 62fdf1f143b41e24485cea50d1cbac27 -> 
  custom:video-decoder-webm-vp8: 9c59270c3fd7afecdb556c50c9e8de78 -> 
  custom:audio-decoder-ogg-vorbis: bf7c407c2cedff20999df2af8eb42d56 -> 
========================================================================
Received Prepare
Registering precompiled user dll's ...
Registered in 0.004804 seconds.
Required property 'name' not set (Assets/GoogleMobileAds/GoogleMobileAds.asmdef)
Required property 'name' not set (Assets/GoogleMobileAds/Editor/GoogleMobileAds.Editor.asmdef)
Required property 'name' not set (Assets/GoogleMobileAds/GoogleMobileAds.asmdef)
Required property 'name' not set (Assets/GoogleMobileAds/Editor/GoogleMobileAds.Editor.asmdef)
Begin MonoManager ReloadAssembly
Native extension for WindowsStandalone target not found
Native extension for iOS target not found
Native extension for Android target not found
Refreshing native plugins compatible for Editor in 0.76 ms, found 2 plugins.
Preloading 0 native plugins for Editor in 0.00 ms.
Required property 'name' not set (Assets/GoogleMobileAds/GoogleMobileAds.asmdef)
Required property 'name' not set (Assets/GoogleMobileAds/Editor/GoogleMobileAds.Editor.asmdef)
System.Reflection.AmbiguousMatchException: Ambiguous match found.
  at System.RuntimeType.GetMethodImplCommon (System.String name, System.Int32 genericParameterCount, System.Reflection.BindingFlags bindingAttr, System.Reflection.Binder binder, System.Reflection.CallingConventions callConv, System.Type[] types, System.Reflection.ParameterModifier[] modifiers) [0x00050] in <9aad1b3a47484d63ba2b3985692d80e9>:0 
  at System.RuntimeType.GetMethodImpl (System.String name, System.Reflection.BindingFlags bindingAttr, System.Reflection.Binder binder, System.Reflection.CallingConventions callConv, System.Type[] types, System.Reflection.ParameterModifier[] modifiers) [0x00000] in <9aad1b3a47484d63ba2b3985692d80e9>:0 
  at System.Type.GetMethod (System.String name, System.Reflection.BindingFlags bindingAttr) [0x0000e] in <9aad1b3a47484d63ba2b3985692d80e9>:0 
  at System.Type.GetMethod (System.String name) [0x00000] in <9aad1b3a47484d63ba2b3985692d80e9>:0 
  at GooglePlayServices.UnityCompat.GetUnity56AndAboveApplicationIdentifier (UnityEditor.BuildTarget buildTarget) [0x00000] in /Users/chkuang/Workspace/Git/unity-jar-resolver/source/AndroidResolver/src/UnityCompat.cs:437 
  at GooglePlayServices.UnityCompat.GetApplicationId (UnityEditor.BuildTarget buildTarget) [0x00000] in /Users/chkuang/Workspace/Git/unity-jar-resolver/source/AndroidResolver/src/UnityCompat.cs:491 
  at GooglePlayServices.PlayServicesResolver.GetAndroidApplicationId () [0x00000] in /Users/chkuang/Workspace/Git/unity-jar-resolver/source/AndroidResolver/src/PlayServicesResolver.cs:978 
  at GooglePlayServices.PlayServicesResolver.OnSettingsChanged () [0x00023] in /Users/chkuang/Workspace/Git/unity-jar-resolver/source/AndroidResolver/src/PlayServicesResolver.cs:2343 
  at GooglePlayServices.PlayServicesResolver..cctor () [0x00288] in /Users/chkuang/Workspace/Git/unity-jar-resolver/source/AndroidResolver/src/PlayServicesResolver.cs:920 
UnityEngine.StackTraceUtility:ExtractStackTrace ()
UnityEngine.DebugLogHandler:LogFormat (UnityEngine.LogType,UnityEngine.Object,string,object[])
UnityEngine.Logger:Log (UnityEngine.LogType,object)
UnityEngine.Debug:LogError (object)
UnityEditor.EditorAssemblies:ProcessInitializeOnLoadAttributes (System.Type[])

Mono: successfully reloaded assembly
- Completed reload, in  0.909 seconds
Domain Reload Profiling:
	ReloadAssembly (910ms)
		BeginReloadAssembly (109ms)
			ExecutionOrderSort (0ms)
			DisableScriptedObjects (4ms)
			BackupInstance (0ms)
			ReleaseScriptingObjects (0ms)
			CreateAndSetChildDomain (33ms)
		EndReloadAssembly (724ms)
			LoadAssemblies (67ms)
			RebuildTransferFunctionScriptingTraits (0ms)
			SetupTypeCache (198ms)
			ReleaseScriptCaches (2ms)
			RebuildScriptCaches (90ms)
			SetupLoadedEditorAssemblies (333ms)
				LogAssemblyErrors (0ms)
				InitializePlatformSupportModulesInManaged (23ms)
				SetLoadedEditorAssemblies (0ms)
				RefreshPlugins (1ms)
				BeforeProcessingInitializeOnLoad (67ms)
				ProcessInitializeOnLoadAttributes (182ms)
				ProcessInitializeOnLoadMethodAttributes (56ms)
				AfterProcessingInitializeOnLoad (4ms)
				EditorAssembliesLoaded (0ms)
			ExecutionOrderSort2 (0ms)
			AwakeInstancesAfterBackupRestoration (4ms)
Platform modules already initialized, skipping
Refreshing native plugins compatible for Editor in 3.77 ms, found 2 plugins.
Preloading 0 native plugins for Editor in 0.00 ms.
Unloading 3931 Unused Serialized files (Serialized files now loaded: 0)
Unloading 88 unused Assets / (0.7 MB). Loaded Objects now: 4779.
Memory consumption went from 216.0 MB to 215.4 MB.
Total: 2.821800 ms (FindLiveObjects: 0.239500 ms CreateObjectMapping: 0.107800 ms MarkObjects: 2.244100 ms  DeleteObjects: 0.229400 ms)

AssetImportParameters requested are different than current active one (requested -> active):
  custom:video-decoder-ogg-theora: a1e56fd34408186e4bbccfd4996cb3dc -> 
  custom:container-muxer-webm: aa71ff27fc2769a1b78a27578f13a17b -> 
  custom:container-demuxer-webm: 4f35f7cbe854078d1ac9338744f61a02 -> 
  custom:video-encoder-webm-vp8: eb34c28f22e8b96e1ab97ce403110664 -> 
  custom:audio-encoder-webm-vorbis: bf7c407c2cedff20999df2af8eb42d56 -> 
  custom:framework-win-MediaFoundation: 216162199b28c13a410421893ffa2e32 -> 
  custom:container-demuxer-ogg: 62fdf1f143b41e24485cea50d1cbac27 -> 
  custom:video-decoder-webm-vp8: 9c59270c3fd7afecdb556c50c9e8de78 -> 
  custom:audio-decoder-ogg-vorbis: bf7c407c2cedff20999df2af8eb42d56 -> 
